<?xml version="1.0" encoding="UTF-8"?>
<!-- Generated by org.testng.reporters.JUnitReportReporter -->
<testsuite hostname="DESKTOP-E85NA51" failures="0" tests="5" name="HeaderSectionTest" time="31.042" errors="0" timestamp="2024-03-07T10:58:22 IST" skipped="0">
  <testcase classname="HeaderSectionTest" name="testTheWebsiteLogo" time="5.319"/>
  <testcase classname="HeaderSectionTest" name="testTheNavBarElements" time="5.171"/>
  <testcase classname="HeaderSectionTest" name="testTheHomePageUrl" time="6.690"/>
  <testcase classname="HeaderSectionTest" name="testThePopularPageUrl" time="7.681"/>
  <testcase classname="HeaderSectionTest" name="testTheAccountPage" time="6.181"/>
</testsuite> <!-- HeaderSectionTest -->
