<?xml version="1.0" encoding="UTF-8"?>
<!-- Generated by org.testng.reporters.JUnitReportReporter -->
<testsuite hostname="DESKTOP-E85NA51" failures="0" tests="2" name="MovieDetailsPageTest" time="28.461" errors="0" timestamp="2024-03-07T10:58:22 IST" skipped="0">
  <testcase classname="MovieDetailsPageTest" name="testTheSquidGame" time="14.076"/>
  <testcase classname="MovieDetailsPageTest" name="testTeVenomMovie" time="14.385"/>
</testsuite> <!-- MovieDetailsPageTest -->
