<?xml version="1.0" encoding="UTF-8"?>
<!-- Generated by org.testng.reporters.JUnitReportReporter -->
<testsuite hostname="DESKTOP-E85NA51" failures="0" tests="2" name="AccountPageTest" time="23.263" errors="0" timestamp="2024-03-07T10:58:22 IST" skipped="0">
  <testcase classname="AccountPageTest" name="testTheUiElements" time="13.665"/>
  <testcase classname="AccountPageTest" name="testTheLogOutFunctionality" time="9.598"/>
</testsuite> <!-- AccountPageTest -->
