<?xml version="1.0" encoding="UTF-8"?>
<!-- Generated by org.testng.reporters.JUnitReportReporter -->
<testsuite hostname="DESKTOP-E85NA51" failures="0" tests="4" name="HomePageTest" time="53.053" errors="0" timestamp="2024-03-07T10:58:22 IST" skipped="0">
  <testcase classname="HomePageTest" name="testTheHeadingPageSections" time="13.174"/>
  <testcase classname="HomePageTest" name="testThePlayButton" time="9.852"/>
  <testcase classname="HomePageTest" name="testTheMoviesCount" time="15.240"/>
  <testcase classname="HomePageTest" name="testTheContactUsSection" time="14.787"/>
</testsuite> <!-- HomePageTest -->
