<?xml version="1.0" encoding="UTF-8"?>
<!-- Generated by org.testng.reporters.JUnitReportReporter -->
<testsuite hostname="DESKTOP-E85NA51" failures="0" tests="4" name="SearchPageTest" time="78.556" errors="0" timestamp="2024-03-07T10:58:22 IST" skipped="0">
  <testcase classname="SearchPageTest" name="testTheMovies" time="14.805"/>
  <testcase classname="SearchPageTest" name="testTheMovies" time="24.481"/>
  <testcase classname="SearchPageTest" name="testTheMovies" time="11.551"/>
  <testcase classname="SearchPageTest" name="testTheMovies" time="27.719"/>
</testsuite> <!-- SearchPageTest -->
