<?xml version="1.0" encoding="UTF-8"?>
<!-- Generated by org.testng.reporters.JUnitReportReporter -->
<testsuite hostname="DESKTOP-E85NA51" failures="0" tests="6" name="LoginPageTest" time="107.065" errors="0" timestamp="2024-03-07T10:58:22 IST" skipped="0">
  <testcase classname="LoginPageTest" name="testTheLoginPageUi" time="17.481"/>
  <testcase classname="LoginPageTest" name="testWithEmptyInputs" time="18.978"/>
  <testcase classname="LoginPageTest" name="testWithEmptyUsername" time="24.212"/>
  <testcase classname="LoginPageTest" name="testWithEmptyPassword" time="15.308"/>
  <testcase classname="LoginPageTest" name="testWithInvalidInputs" time="9.239"/>
  <testcase classname="LoginPageTest" name="testWithValidInputs" time="21.847"/>
</testsuite> <!-- LoginPageTest -->
