<?xml version="1.0" encoding="UTF-8"?>
<!-- Generated by org.testng.reporters.JUnitReportReporter -->
<testsuite hostname="DESKTOP-E85NA51" failures="0" tests="1" name="PopularPageTest" time="39.532" errors="0" timestamp="2024-03-07T10:58:22 IST" skipped="0">
  <testcase classname="PopularPageTest" name="testThePopularImagesDisplayed" time="39.532"/>
</testsuite> <!-- PopularPageTest -->
